<?xml version="1.0" encoding="UTF-8"?>
<!-- Generated by org.testng.reporters.JUnitReportReporter -->
<testsuite hostname="LAPTOP-H7R7DK85" failures="0" tests="1" name="batchExecution.FirstTest" time="0.011" errors="0" timestamp="2022-10-31T07:41:47 IST" skipped="0">
  <testcase classname="batchExecution.FirstTest" name="demo2Test" time="0.011"/>
  <system-out/>
</testsuite> <!-- batchExecution.FirstTest -->
