<?xml version="1.0" encoding="UTF-8"?>
<!-- Generated by org.testng.reporters.JUnitReportReporter -->
<testsuite hostname="LAPTOP-H7R7DK85" failures="0" tests="5" name="batchExecution.FirstTest" time="0.070" errors="0" timestamp="2022-11-01T08:46:32 IST" skipped="0">
  <testcase classname="batchExecution.FirstTest" name="demo2Test" time="0.013"/>
  <system-out/>
  <testcase classname="batchExecution.FirstTest" name="demo4Test" time="0.015"/>
  <system-out/>
  <testcase classname="batchExecution.FirstTest" name="demo3Test" time="0.009"/>
  <system-out/>
  <testcase classname="batchExecution.FirstTest" name="demo5Test" time="0.016"/>
  <system-out/>
  <testcase classname="batchExecution.FirstTest" name="demo1Test" time="0.017"/>
  <system-out/>
</testsuite> <!-- batchExecution.FirstTest -->
