<?xml version="1.0" encoding="UTF-8"?>
<!-- Generated by org.testng.reporters.JUnitReportReporter -->
<testsuite hostname="LAPTOP-H7R7DK85" failures="0" tests="3" name="crossBrowserExecution.FirstTest" time="19.071" errors="0" timestamp="2022-10-31T09:25:17 IST" skipped="0">
  <testcase classname="crossBrowserExecution.FirstTest" name="firstTest" time="6.513"/>
  <system-out/>
  <testcase classname="crossBrowserExecution.FirstTest" name="firstTest" time="4.096"/>
  <system-out/>
  <testcase classname="crossBrowserExecution.FirstTest" name="firstTest" time="8.462"/>
  <system-out/>
</testsuite> <!-- crossBrowserExecution.FirstTest -->
