<?xml version="1.0" encoding="UTF-8"?>
<!-- Generated by org.testng.reporters.JUnitReportReporter -->
<testsuite hostname="LAPTOP-H7R7DK85" failures="0" tests="6" name="testNG.InvocationCountPractice" time="0.027" errors="0" timestamp="2022-10-27T07:20:12 IST" skipped="0">
  <testcase classname="testNG.InvocationCountPractice" name="demo3" time="0.014"/>
  <system-out/>
  <testcase classname="testNG.InvocationCountPractice" name="demo3" time="0.002"/>
  <system-out/>
  <testcase classname="testNG.InvocationCountPractice" name="demo3" time="0.001"/>
  <system-out/>
  <testcase classname="testNG.InvocationCountPractice" name="demo1" time="0.002"/>
  <system-out/>
  <testcase classname="testNG.InvocationCountPractice" name="demo4" time="0.002"/>
  <system-out/>
  <testcase classname="testNG.InvocationCountPractice" name="demo1" time="0.006"/>
  <system-out/>
</testsuite> <!-- testNG.InvocationCountPractice -->
