<?xml version="1.0" encoding="UTF-8"?>
<!-- Generated by org.testng.reporters.JUnitReportReporter -->
<testsuite hostname="LAPTOP-H7R7DK85" failures="0" tests="5" name="parallelExecution.FirstTest" time="0.037" errors="0" timestamp="2022-10-31T08:20:53 IST" skipped="0">
  <testcase classname="parallelExecution.FirstTest" name="demo2Test" time="0.002"/>
  <system-out/>
  <testcase classname="parallelExecution.FirstTest" name="demo4Test" time="0.017"/>
  <system-out/>
  <testcase classname="parallelExecution.FirstTest" name="demo1Test" time="0.016"/>
  <system-out/>
  <testcase classname="parallelExecution.FirstTest" name="demo5Test" time="0.001"/>
  <system-out/>
  <testcase classname="parallelExecution.FirstTest" name="demo3Test" time="0.001"/>
  <system-out/>
</testsuite> <!-- parallelExecution.FirstTest -->
