<?xml version="1.0" encoding="UTF-8"?>
<!-- Generated by org.testng.reporters.JUnitReportReporter -->
<testsuite hostname="LAPTOP-H7R7DK85" failures="0" tests="1" name="groupExecution.FourthTest" time="0.005" errors="0" timestamp="2022-10-29T09:01:45 IST" skipped="0">
  <testcase classname="groupExecution.FourthTest" name="fourthTest" time="0.005"/>
  <system-out/>
</testsuite> <!-- groupExecution.FourthTest -->
