<?xml version="1.0" encoding="UTF-8"?>
<!-- Generated by org.testng.reporters.JUnitReportReporter -->
<testsuite hostname="LAPTOP-H7R7DK85" failures="0" tests="1" name="parallelExecution.SecondTest" time="0.000" errors="0" timestamp="2022-10-31T08:20:53 IST" skipped="0">
  <testcase classname="parallelExecution.SecondTest" name="secondTest" time="0.000"/>
  <system-out/>
</testsuite> <!-- parallelExecution.SecondTest -->
