<?xml version="1.0" encoding="UTF-8"?>
<!-- Generated by org.testng.reporters.JUnitReportReporter -->
<testsuite hostname="LAPTOP-H7R7DK85" failures="0" tests="1" name="seleniumGrid.LaunchBrowser" time="11.437" errors="0" timestamp="2022-11-20T20:47:14 IST" skipped="0">
  <testcase classname="seleniumGrid.LaunchBrowser" name="gridPractice" time="11.437"/>
  <system-out/>
</testsuite> <!-- seleniumGrid.LaunchBrowser -->
