<?xml version="1.0" encoding="UTF-8"?>
<!-- Generated by org.testng.reporters.JUnitReportReporter -->
<testsuite hostname="LAPTOP-H7R7DK85" failures="0" tests="7" name="testNG.EnabledParamaterPractice" time="0.086" errors="0" timestamp="2022-10-27T07:33:59 IST" skipped="1">
  <testcase classname="testNG.EnabledParamaterPractice" name="demo3" time="0.043"/>
  <system-out/>
  <testcase classname="testNG.EnabledParamaterPractice" name="demo3" time="0.019"/>
  <system-out/>
  <testcase classname="testNG.EnabledParamaterPractice" name="demo3" time="0.009"/>
  <system-out/>
  <testcase classname="testNG.EnabledParamaterPractice" name="demo1" time="0.010"/>
  <system-out/>
  <testcase classname="testNG.EnabledParamaterPractice" name="demo4" time="0.002"/>
  <system-out/>
  <testcase classname="testNG.EnabledParamaterPractice" name="demo1" time="0.003"/>
  <system-out/>
  <testcase classname="testNG.EnabledParamaterPractice" name="demo2">
    <skipped/>
  </testcase> <!-- demo2 -->
  <system-out/>
</testsuite> <!-- testNG.EnabledParamaterPractice -->
