<?xml version="1.0" encoding="UTF-8"?>
<!-- Generated by org.testng.reporters.JUnitReportReporter -->
<testsuite hostname="LAPTOP-H7R7DK85" failures="0" tests="3" name="crossBrowserExecution.SecondTest" time="10.513" errors="0" timestamp="2022-10-31T09:25:17 IST" skipped="0">
  <testcase classname="crossBrowserExecution.SecondTest" name="secondTest" time="3.101"/>
  <system-out/>
  <testcase classname="crossBrowserExecution.SecondTest" name="secondTest" time="3.980"/>
  <system-out/>
  <testcase classname="crossBrowserExecution.SecondTest" name="secondTest" time="3.432"/>
  <system-out/>
</testsuite> <!-- crossBrowserExecution.SecondTest -->
