<?xml version="1.0" encoding="UTF-8"?>
<!-- Generated by org.testng.reporters.JUnitReportReporter -->
<testsuite hostname="LAPTOP-H7R7DK85" failures="0" tests="1" name="batchExecution.FirstTest" time="0.001" errors="0" timestamp="2022-10-29T08:14:34 IST" skipped="0">
  <testcase classname="batchExecution.FirstTest" name="firstTest" time="0.001"/>
  <system-out/>
</testsuite> <!-- batchExecution.FirstTest -->
