<?xml version="1.0" encoding="UTF-8"?>
<!-- Generated by org.testng.reporters.JUnitReportReporter -->
<testsuite hostname="LAPTOP-H7R7DK85" failures="0" tests="1" name="testNG.AssertionUsingIf" time="0.031" errors="0" timestamp="2022-10-28T08:27:21 IST" skipped="0">
  <testcase classname="testNG.AssertionUsingIf" name="demo" time="0.031"/>
  <system-out/>
</testsuite> <!-- testNG.AssertionUsingIf -->
