<?xml version="1.0" encoding="UTF-8"?>
<!-- Generated by org.testng.reporters.JUnitReportReporter -->
<testsuite hostname="LAPTOP-H7R7DK85" failures="0" tests="5" name="dataprovider.Demo1Test" time="0.016" errors="0" timestamp="2022-10-29T07:36:11 IST" skipped="0">
  <testcase classname="dataprovider.Demo1Test" name="bookTicketTest" time="0.009"/>
  <system-out/>
  <testcase classname="dataprovider.Demo1Test" name="bookTicketTest" time="0.002"/>
  <system-out/>
  <testcase classname="dataprovider.Demo1Test" name="bookTicketTest" time="0.001"/>
  <system-out/>
  <testcase classname="dataprovider.Demo1Test" name="bookTicketTest" time="0.002"/>
  <system-out/>
  <testcase classname="dataprovider.Demo1Test" name="bookTicketTest" time="0.002"/>
  <system-out/>
</testsuite> <!-- dataprovider.Demo1Test -->
