<?xml version="1.0" encoding="UTF-8"?>
<!-- Generated by org.testng.reporters.JUnitReportReporter -->
<testsuite hostname="LAPTOP-H7R7DK85" failures="0" tests="1" name="parallelExecution.SixthTest" time="0.005" errors="0" timestamp="2022-10-31T08:20:53 IST" skipped="0">
  <testcase classname="parallelExecution.SixthTest" name="sixthTest" time="0.005"/>
  <system-out/>
</testsuite> <!-- parallelExecution.SixthTest -->
