<?xml version="1.0" encoding="UTF-8"?>
<!-- Generated by org.testng.reporters.JUnitReportReporter -->
<testsuite hostname="LAPTOP-H7R7DK85" failures="0" tests="1" name="parallelExecution.ThirdTest" time="0.013" errors="0" timestamp="2022-10-31T08:20:53 IST" skipped="0">
  <testcase classname="parallelExecution.ThirdTest" name="thirdTest" time="0.013"/>
  <system-out/>
</testsuite> <!-- parallelExecution.ThirdTest -->
