<?xml version="1.0" encoding="UTF-8"?>
<!-- Generated by org.testng.reporters.JUnitReportReporter -->
<testsuite hostname="LAPTOP-H7R7DK85" failures="0" tests="1" name="parallelExecution.FifthTest" time="0.017" errors="0" timestamp="2022-10-31T08:20:53 IST" skipped="0">
  <testcase classname="parallelExecution.FifthTest" name="fifthTest" time="0.017"/>
  <system-out/>
</testsuite> <!-- parallelExecution.FifthTest -->
