<?xml version="1.0" encoding="UTF-8"?>
<!-- Generated by org.testng.reporters.JUnitReportReporter -->
<testsuite hostname="LAPTOP-H7R7DK85" failures="0" tests="4" name="testNG.PriorityPractice" time="0.051" errors="0" timestamp="2022-10-26T08:40:10 IST" skipped="0">
  <testcase classname="testNG.PriorityPractice" name="demo2" time="0.004"/>
  <system-out/>
  <testcase classname="testNG.PriorityPractice" name="demo1" time="0.031"/>
  <system-out/>
  <testcase classname="testNG.PriorityPractice" name="demo3" time="0.014"/>
  <system-out/>
  <testcase classname="testNG.PriorityPractice" name="demo4" time="0.002"/>
  <system-out/>
</testsuite> <!-- testNG.PriorityPractice -->
