<?xml version="1.0" encoding="UTF-8"?>
<!-- Generated by org.testng.reporters.JUnitReportReporter -->
<testsuite hostname="LAPTOP-H7R7DK85" failures="0" tests="1" name="extentReports.FirstTest" time="66.296" errors="0" timestamp="2022-11-04T07:15:09 IST" skipped="0">
  <testcase classname="extentReports.FirstTest" name="firstTest" time="66.296"/>
  <system-out/>
</testsuite> <!-- extentReports.FirstTest -->
