<?xml version="1.0" encoding="UTF-8"?>
<!-- Generated by org.testng.reporters.JUnitReportReporter -->
<testsuite hostname="LAPTOP-H7R7DK85" failures="0" tests="1" name="groupExecution.FirstTest" time="0.006" errors="0" timestamp="2022-10-29T09:06:21 IST" skipped="0">
  <testcase classname="groupExecution.FirstTest" name="firstTest" time="0.006"/>
  <system-out/>
</testsuite> <!-- groupExecution.FirstTest -->
