<?xml version="1.0" encoding="UTF-8"?>
<!-- Generated by org.testng.reporters.JUnitReportReporter -->
<testsuite hostname="LAPTOP-H7R7DK85" failures="0" tests="1" name="batchExecution.ThirdTest" time="0.007" errors="0" timestamp="2022-11-01T08:46:32 IST" skipped="0">
  <testcase classname="batchExecution.ThirdTest" name="thirdTest" time="0.007"/>
  <system-out/>
</testsuite> <!-- batchExecution.ThirdTest -->
